<?xml version="1.0" encoding="utf-8"?>
<TestRun id="bb01de9d-8ef1-4289-a0c3-3f2778c27c8f" name="baryn@DESKTOP-RVOPTG6 2025-08-13 23:53:17" runUser="DESKTOP-RVOPTG6\baryn" xmlns="http://microsoft.com/schemas/VisualStudio/TeamTest/2010">
  <Times creation="2025-08-13T23:53:17.5924566-05:00" queuing="2025-08-13T23:53:17.5924571-05:00" start="2025-08-13T23:53:16.7618047-05:00" finish="2025-08-13T23:53:17.7283331-05:00" />
  <TestSettings name="default" id="a667af74-4d9b-4998-b3cd-4dd2ce8d01c6">
    <Deployment runDeploymentRoot="baryn_DESKTOP-RVOPTG6_2025-08-13_23_53_17" />
  </TestSettings>
  <Results>
    <UnitTestResult executionId="4db6c878-efda-485f-80d7-540ea3fb9d02" testId="de859036-25f4-55e3-2f3d-b9d146b8e8da" testName="McpMemoryManager.Server.Tests.TagsRefsTests.Add_and_remove_tags_refs" computerName="DESKTOP-RVOPTG6" duration="00:00:00.2409343" startTime="2025-08-13T23:53:17.5290159-05:00" endTime="2025-08-13T23:53:17.5290161-05:00" testType="13cdc9d9-ddb5-4fa4-a97d-d965ccfc6d4b" outcome="Passed" testListId="8c84fa94-04c1-424b-9868-57a2d4851a1d" relativeResultsDirectory="4db6c878-efda-485f-80d7-540ea3fb9d02" />
    <UnitTestResult executionId="0355b825-5c77-4189-a6ae-181061f4ad98" testId="ea45c1ae-1031-97ff-61bb-a029945d9f27" testName="McpMemoryManager.Server.Tests.MemoryApiTests.Cleanup_expire_removes_only_expired" computerName="DESKTOP-RVOPTG6" duration="00:00:00.2222312" startTime="2025-08-13T23:53:17.5167140-05:00" endTime="2025-08-13T23:53:17.5167354-05:00" testType="13cdc9d9-ddb5-4fa4-a97d-d965ccfc6d4b" outcome="Passed" testListId="8c84fa94-04c1-424b-9868-57a2d4851a1d" relativeResultsDirectory="0355b825-5c77-4189-a6ae-181061f4ad98" />
    <UnitTestResult executionId="2d9ecdcb-7636-4f57-8888-3af4c230fb04" testId="c74827a6-bbfc-c37d-701c-68b80624055a" testName="McpMemoryManager.Server.Tests.MergeSummarizeTests.Merge_and_summarize_thread_via_tools" computerName="DESKTOP-RVOPTG6" duration="00:00:00.1873310" startTime="2025-08-13T23:53:17.5479390-05:00" endTime="2025-08-13T23:53:17.5479394-05:00" testType="13cdc9d9-ddb5-4fa4-a97d-d965ccfc6d4b" outcome="Failed" testListId="8c84fa94-04c1-424b-9868-57a2d4851a1d" relativeResultsDirectory="2d9ecdcb-7636-4f57-8888-3af4c230fb04">
      <Output>
        <ErrorInfo>
          <Message>System.InvalidOperationException : The requested operation requires an element of type 'Array', but the target element has type 'Object'.</Message>
          <StackTrace>   at System.Text.Json.ThrowHelper.ThrowJsonElementWrongTypeException(JsonTokenType expectedType, JsonTokenType actualType)&#xD;
   at System.Text.Json.JsonElement.EnumerateArray()&#xD;
   at McpMemoryManager.Server.Tests.MergeSummarizeTests.Merge_and_summarize_thread_via_tools() in C:\Users\baryn\source\repos\mcp-memory-manager\tests\McpMemoryManager.Server.Tests\MergeSummarizeTests.cs:line 75&#xD;
   at McpMemoryManager.Server.Tests.MergeSummarizeTests.Merge_and_summarize_thread_via_tools() in C:\Users\baryn\source\repos\mcp-memory-manager\tests\McpMemoryManager.Server.Tests\MergeSummarizeTests.cs:line 87&#xD;
--- End of stack trace from previous location ---</StackTrace>
        </ErrorInfo>
      </Output>
    </UnitTestResult>
    <UnitTestResult executionId="4b414677-1cf6-4206-920e-3e8f5f33699a" testId="5678bd59-584b-2245-bc56-7f0856a08e47" testName="McpMemoryManager.Server.Tests.MemoryApiTests.Create_and_get_memory" computerName="DESKTOP-RVOPTG6" duration="00:00:00.0307715" startTime="2025-08-13T23:53:17.5868125-05:00" endTime="2025-08-13T23:53:17.5868129-05:00" testType="13cdc9d9-ddb5-4fa4-a97d-d965ccfc6d4b" outcome="Passed" testListId="8c84fa94-04c1-424b-9868-57a2d4851a1d" relativeResultsDirectory="4b414677-1cf6-4206-920e-3e8f5f33699a" />
    <UnitTestResult executionId="857711f5-6e2d-47e8-9bdf-1a6a84c40e4d" testId="cb0551aa-54bd-96be-44f3-39e71929d710" testName="McpMemoryManager.Server.Tests.MemoryCrudTests.List_filters_and_cursor" computerName="DESKTOP-RVOPTG6" duration="00:00:00.2354386" startTime="2025-08-13T23:53:17.5235821-05:00" endTime="2025-08-13T23:53:17.5235825-05:00" testType="13cdc9d9-ddb5-4fa4-a97d-d965ccfc6d4b" outcome="Passed" testListId="8c84fa94-04c1-424b-9868-57a2d4851a1d" relativeResultsDirectory="857711f5-6e2d-47e8-9bdf-1a6a84c40e4d" />
    <UnitTestResult executionId="5007d966-4737-47b0-ba59-e8ac8ca1e22f" testId="412cf7b5-106b-c0a9-4734-dcd5f21376a2" testName="McpMemoryManager.Server.Tests.ResourcesTests.Resources_list_and_read" computerName="DESKTOP-RVOPTG6" duration="00:00:00.2427896" startTime="2025-08-13T23:53:17.5309045-05:00" endTime="2025-08-13T23:53:17.5309047-05:00" testType="13cdc9d9-ddb5-4fa4-a97d-d965ccfc6d4b" outcome="Passed" testListId="8c84fa94-04c1-424b-9868-57a2d4851a1d" relativeResultsDirectory="5007d966-4737-47b0-ba59-e8ac8ca1e22f" />
    <UnitTestResult executionId="beb516aa-c1ad-465e-8240-b2f5cd431e8a" testId="e8bfb41a-a9df-7a78-2a51-592e57deb6df" testName="McpMemoryManager.Server.Tests.TaskWorkflowTests.Update_status_and_add_note" computerName="DESKTOP-RVOPTG6" duration="00:00:00.2398395" startTime="2025-08-13T23:53:17.5279686-05:00" endTime="2025-08-13T23:53:17.5279690-05:00" testType="13cdc9d9-ddb5-4fa4-a97d-d965ccfc6d4b" outcome="Passed" testListId="8c84fa94-04c1-424b-9868-57a2d4851a1d" relativeResultsDirectory="beb516aa-c1ad-465e-8240-b2f5cd431e8a" />
    <UnitTestResult executionId="13a8b488-4f0e-420c-a390-cc1d804e0024" testId="a728b758-d8ef-169b-4f83-c7007d484bbd" testName="McpMemoryManager.Server.Tests.ExportImportTests.Export_and_import_ndjson" computerName="DESKTOP-RVOPTG6" duration="00:00:00.2337039" startTime="2025-08-13T23:53:17.5786106-05:00" endTime="2025-08-13T23:53:17.5786107-05:00" testType="13cdc9d9-ddb5-4fa4-a97d-d965ccfc6d4b" outcome="Passed" testListId="8c84fa94-04c1-424b-9868-57a2d4851a1d" relativeResultsDirectory="13a8b488-4f0e-420c-a390-cc1d804e0024" />
    <UnitTestResult executionId="1e9ffcda-270a-4641-9af9-bb6971c67d88" testId="02543696-7775-522a-77c1-1cf47ed8e68b" testName="McpMemoryManager.Server.Tests.MemoryCrudTests.Update_archive_pin_and_delete" computerName="DESKTOP-RVOPTG6" duration="00:00:00.0519786" startTime="2025-08-13T23:53:17.5756334-05:00" endTime="2025-08-13T23:53:17.5756336-05:00" testType="13cdc9d9-ddb5-4fa4-a97d-d965ccfc6d4b" outcome="Passed" testListId="8c84fa94-04c1-424b-9868-57a2d4851a1d" relativeResultsDirectory="1e9ffcda-270a-4641-9af9-bb6971c67d88" />
    <UnitTestResult executionId="252e5728-4da3-4ff4-baa0-07ac9187e8dc" testId="ecbe592d-af26-4859-65c2-a6f758c49176" testName="McpMemoryManager.Server.Tests.MemoryApiTests.List_filters_by_type_and_namespace" computerName="DESKTOP-RVOPTG6" duration="00:00:00.0377736" startTime="2025-08-13T23:53:17.5559260-05:00" endTime="2025-08-13T23:53:17.5559262-05:00" testType="13cdc9d9-ddb5-4fa4-a97d-d965ccfc6d4b" outcome="Passed" testListId="8c84fa94-04c1-424b-9868-57a2d4851a1d" relativeResultsDirectory="252e5728-4da3-4ff4-baa0-07ac9187e8dc" />
    <UnitTestResult executionId="7a0c78be-9729-43d6-8b52-c14a68d4a604" testId="d6d0e36f-f2c3-c979-8e64-bf7d152b7c4f" testName="McpMemoryManager.Server.Tests.TaskApiTests.Create_and_list_tasks" computerName="DESKTOP-RVOPTG6" duration="00:00:00.2300445" startTime="2025-08-13T23:53:17.5201132-05:00" endTime="2025-08-13T23:53:17.5201133-05:00" testType="13cdc9d9-ddb5-4fa4-a97d-d965ccfc6d4b" outcome="Passed" testListId="8c84fa94-04c1-424b-9868-57a2d4851a1d" relativeResultsDirectory="7a0c78be-9729-43d6-8b52-c14a68d4a604" />
    <UnitTestResult executionId="e1dc173b-fcb3-4de4-ae29-00bc6a4bfa52" testId="753f4c3a-f702-aab9-595c-c1411291785c" testName="McpMemoryManager.Server.Tests.ToolHostTests.Initialize_list_and_create_roundtrip" computerName="DESKTOP-RVOPTG6" duration="00:00:00.3005112" startTime="2025-08-13T23:53:17.5886213-05:00" endTime="2025-08-13T23:53:17.5886217-05:00" testType="13cdc9d9-ddb5-4fa4-a97d-d965ccfc6d4b" outcome="Passed" testListId="8c84fa94-04c1-424b-9868-57a2d4851a1d" relativeResultsDirectory="e1dc173b-fcb3-4de4-ae29-00bc6a4bfa52" />
    <UnitTestResult executionId="47ce9b65-e123-4e80-9da8-3c6da853f9c3" testId="1ca217bb-619f-971e-84d9-22cb07fe9429" testName="McpMemoryManager.Server.Tests.MemoryApiTests.Search_finds_inserted_content" computerName="DESKTOP-RVOPTG6" duration="00:00:00.0289377" startTime="2025-08-13T23:53:17.6158895-05:00" endTime="2025-08-13T23:53:17.6158899-05:00" testType="13cdc9d9-ddb5-4fa4-a97d-d965ccfc6d4b" outcome="Passed" testListId="8c84fa94-04c1-424b-9868-57a2d4851a1d" relativeResultsDirectory="47ce9b65-e123-4e80-9da8-3c6da853f9c3" />
    <UnitTestResult executionId="b8abdb9f-300e-48d1-9872-8364be90a9a5" testId="9a58ed80-d32a-95e0-97b4-2ec7b51c7b93" testName="McpMemoryManager.Server.Tests.ExportImportToolsTests.Export_dump_and_import_roundtrip" computerName="DESKTOP-RVOPTG6" duration="00:00:00.2932568" startTime="2025-08-13T23:53:17.5813947-05:00" endTime="2025-08-13T23:53:17.5813952-05:00" testType="13cdc9d9-ddb5-4fa4-a97d-d965ccfc6d4b" outcome="Passed" testListId="8c84fa94-04c1-424b-9868-57a2d4851a1d" relativeResultsDirectory="b8abdb9f-300e-48d1-9872-8364be90a9a5" />
  </Results>
  <TestDefinitions>
    <UnitTest name="McpMemoryManager.Server.Tests.MemoryCrudTests.Update_archive_pin_and_delete" storage="c:\users\baryn\source\repos\mcp-memory-manager\tests\mcpmemorymanager.server.tests\bin\debug\net9.0\mcpmemorymanager.server.tests.dll" id="02543696-7775-522a-77c1-1cf47ed8e68b">
      <Execution id="1e9ffcda-270a-4641-9af9-bb6971c67d88" />
      <TestMethod codeBase="C:\Users\baryn\source\repos\mcp-memory-manager\tests\McpMemoryManager.Server.Tests\bin\Debug\net9.0\McpMemoryManager.Server.Tests.dll" adapterTypeName="executor://xunit/VsTestRunner2/netcoreapp" className="McpMemoryManager.Server.Tests.MemoryCrudTests" name="Update_archive_pin_and_delete" />
    </UnitTest>
    <UnitTest name="McpMemoryManager.Server.Tests.ResourcesTests.Resources_list_and_read" storage="c:\users\baryn\source\repos\mcp-memory-manager\tests\mcpmemorymanager.server.tests\bin\debug\net9.0\mcpmemorymanager.server.tests.dll" id="412cf7b5-106b-c0a9-4734-dcd5f21376a2">
      <Execution id="5007d966-4737-47b0-ba59-e8ac8ca1e22f" />
      <TestMethod codeBase="C:\Users\baryn\source\repos\mcp-memory-manager\tests\McpMemoryManager.Server.Tests\bin\Debug\net9.0\McpMemoryManager.Server.Tests.dll" adapterTypeName="executor://xunit/VsTestRunner2/netcoreapp" className="McpMemoryManager.Server.Tests.ResourcesTests" name="Resources_list_and_read" />
    </UnitTest>
    <UnitTest name="McpMemoryManager.Server.Tests.ToolHostTests.Initialize_list_and_create_roundtrip" storage="c:\users\baryn\source\repos\mcp-memory-manager\tests\mcpmemorymanager.server.tests\bin\debug\net9.0\mcpmemorymanager.server.tests.dll" id="753f4c3a-f702-aab9-595c-c1411291785c">
      <Execution id="e1dc173b-fcb3-4de4-ae29-00bc6a4bfa52" />
      <TestMethod codeBase="C:\Users\baryn\source\repos\mcp-memory-manager\tests\McpMemoryManager.Server.Tests\bin\Debug\net9.0\McpMemoryManager.Server.Tests.dll" adapterTypeName="executor://xunit/VsTestRunner2/netcoreapp" className="McpMemoryManager.Server.Tests.ToolHostTests" name="Initialize_list_and_create_roundtrip" />
    </UnitTest>
    <UnitTest name="McpMemoryManager.Server.Tests.MergeSummarizeTests.Merge_and_summarize_thread_via_tools" storage="c:\users\baryn\source\repos\mcp-memory-manager\tests\mcpmemorymanager.server.tests\bin\debug\net9.0\mcpmemorymanager.server.tests.dll" id="c74827a6-bbfc-c37d-701c-68b80624055a">
      <Execution id="2d9ecdcb-7636-4f57-8888-3af4c230fb04" />
      <TestMethod codeBase="C:\Users\baryn\source\repos\mcp-memory-manager\tests\McpMemoryManager.Server.Tests\bin\Debug\net9.0\McpMemoryManager.Server.Tests.dll" adapterTypeName="executor://xunit/VsTestRunner2/netcoreapp" className="McpMemoryManager.Server.Tests.MergeSummarizeTests" name="Merge_and_summarize_thread_via_tools" />
    </UnitTest>
    <UnitTest name="McpMemoryManager.Server.Tests.MemoryCrudTests.List_filters_and_cursor" storage="c:\users\baryn\source\repos\mcp-memory-manager\tests\mcpmemorymanager.server.tests\bin\debug\net9.0\mcpmemorymanager.server.tests.dll" id="cb0551aa-54bd-96be-44f3-39e71929d710">
      <Execution id="857711f5-6e2d-47e8-9bdf-1a6a84c40e4d" />
      <TestMethod codeBase="C:\Users\baryn\source\repos\mcp-memory-manager\tests\McpMemoryManager.Server.Tests\bin\Debug\net9.0\McpMemoryManager.Server.Tests.dll" adapterTypeName="executor://xunit/VsTestRunner2/netcoreapp" className="McpMemoryManager.Server.Tests.MemoryCrudTests" name="List_filters_and_cursor" />
    </UnitTest>
    <UnitTest name="McpMemoryManager.Server.Tests.MemoryApiTests.List_filters_by_type_and_namespace" storage="c:\users\baryn\source\repos\mcp-memory-manager\tests\mcpmemorymanager.server.tests\bin\debug\net9.0\mcpmemorymanager.server.tests.dll" id="ecbe592d-af26-4859-65c2-a6f758c49176">
      <Execution id="252e5728-4da3-4ff4-baa0-07ac9187e8dc" />
      <TestMethod codeBase="C:\Users\baryn\source\repos\mcp-memory-manager\tests\McpMemoryManager.Server.Tests\bin\Debug\net9.0\McpMemoryManager.Server.Tests.dll" adapterTypeName="executor://xunit/VsTestRunner2/netcoreapp" className="McpMemoryManager.Server.Tests.MemoryApiTests" name="List_filters_by_type_and_namespace" />
    </UnitTest>
    <UnitTest name="McpMemoryManager.Server.Tests.TaskWorkflowTests.Update_status_and_add_note" storage="c:\users\baryn\source\repos\mcp-memory-manager\tests\mcpmemorymanager.server.tests\bin\debug\net9.0\mcpmemorymanager.server.tests.dll" id="e8bfb41a-a9df-7a78-2a51-592e57deb6df">
      <Execution id="beb516aa-c1ad-465e-8240-b2f5cd431e8a" />
      <TestMethod codeBase="C:\Users\baryn\source\repos\mcp-memory-manager\tests\McpMemoryManager.Server.Tests\bin\Debug\net9.0\McpMemoryManager.Server.Tests.dll" adapterTypeName="executor://xunit/VsTestRunner2/netcoreapp" className="McpMemoryManager.Server.Tests.TaskWorkflowTests" name="Update_status_and_add_note" />
    </UnitTest>
    <UnitTest name="McpMemoryManager.Server.Tests.TagsRefsTests.Add_and_remove_tags_refs" storage="c:\users\baryn\source\repos\mcp-memory-manager\tests\mcpmemorymanager.server.tests\bin\debug\net9.0\mcpmemorymanager.server.tests.dll" id="de859036-25f4-55e3-2f3d-b9d146b8e8da">
      <Execution id="4db6c878-efda-485f-80d7-540ea3fb9d02" />
      <TestMethod codeBase="C:\Users\baryn\source\repos\mcp-memory-manager\tests\McpMemoryManager.Server.Tests\bin\Debug\net9.0\McpMemoryManager.Server.Tests.dll" adapterTypeName="executor://xunit/VsTestRunner2/netcoreapp" className="McpMemoryManager.Server.Tests.TagsRefsTests" name="Add_and_remove_tags_refs" />
    </UnitTest>
    <UnitTest name="McpMemoryManager.Server.Tests.MemoryApiTests.Create_and_get_memory" storage="c:\users\baryn\source\repos\mcp-memory-manager\tests\mcpmemorymanager.server.tests\bin\debug\net9.0\mcpmemorymanager.server.tests.dll" id="5678bd59-584b-2245-bc56-7f0856a08e47">
      <Execution id="4b414677-1cf6-4206-920e-3e8f5f33699a" />
      <TestMethod codeBase="C:\Users\baryn\source\repos\mcp-memory-manager\tests\McpMemoryManager.Server.Tests\bin\Debug\net9.0\McpMemoryManager.Server.Tests.dll" adapterTypeName="executor://xunit/VsTestRunner2/netcoreapp" className="McpMemoryManager.Server.Tests.MemoryApiTests" name="Create_and_get_memory" />
    </UnitTest>
    <UnitTest name="McpMemoryManager.Server.Tests.MemoryApiTests.Search_finds_inserted_content" storage="c:\users\baryn\source\repos\mcp-memory-manager\tests\mcpmemorymanager.server.tests\bin\debug\net9.0\mcpmemorymanager.server.tests.dll" id="1ca217bb-619f-971e-84d9-22cb07fe9429">
      <Execution id="47ce9b65-e123-4e80-9da8-3c6da853f9c3" />
      <TestMethod codeBase="C:\Users\baryn\source\repos\mcp-memory-manager\tests\McpMemoryManager.Server.Tests\bin\Debug\net9.0\McpMemoryManager.Server.Tests.dll" adapterTypeName="executor://xunit/VsTestRunner2/netcoreapp" className="McpMemoryManager.Server.Tests.MemoryApiTests" name="Search_finds_inserted_content" />
    </UnitTest>
    <UnitTest name="McpMemoryManager.Server.Tests.ExportImportToolsTests.Export_dump_and_import_roundtrip" storage="c:\users\baryn\source\repos\mcp-memory-manager\tests\mcpmemorymanager.server.tests\bin\debug\net9.0\mcpmemorymanager.server.tests.dll" id="9a58ed80-d32a-95e0-97b4-2ec7b51c7b93">
      <Execution id="b8abdb9f-300e-48d1-9872-8364be90a9a5" />
      <TestMethod codeBase="C:\Users\baryn\source\repos\mcp-memory-manager\tests\McpMemoryManager.Server.Tests\bin\Debug\net9.0\McpMemoryManager.Server.Tests.dll" adapterTypeName="executor://xunit/VsTestRunner2/netcoreapp" className="McpMemoryManager.Server.Tests.ExportImportToolsTests" name="Export_dump_and_import_roundtrip" />
    </UnitTest>
    <UnitTest name="McpMemoryManager.Server.Tests.TaskApiTests.Create_and_list_tasks" storage="c:\users\baryn\source\repos\mcp-memory-manager\tests\mcpmemorymanager.server.tests\bin\debug\net9.0\mcpmemorymanager.server.tests.dll" id="d6d0e36f-f2c3-c979-8e64-bf7d152b7c4f">
      <Execution id="7a0c78be-9729-43d6-8b52-c14a68d4a604" />
      <TestMethod codeBase="C:\Users\baryn\source\repos\mcp-memory-manager\tests\McpMemoryManager.Server.Tests\bin\Debug\net9.0\McpMemoryManager.Server.Tests.dll" adapterTypeName="executor://xunit/VsTestRunner2/netcoreapp" className="McpMemoryManager.Server.Tests.TaskApiTests" name="Create_and_list_tasks" />
    </UnitTest>
    <UnitTest name="McpMemoryManager.Server.Tests.MemoryApiTests.Cleanup_expire_removes_only_expired" storage="c:\users\baryn\source\repos\mcp-memory-manager\tests\mcpmemorymanager.server.tests\bin\debug\net9.0\mcpmemorymanager.server.tests.dll" id="ea45c1ae-1031-97ff-61bb-a029945d9f27">
      <Execution id="0355b825-5c77-4189-a6ae-181061f4ad98" />
      <TestMethod codeBase="C:\Users\baryn\source\repos\mcp-memory-manager\tests\McpMemoryManager.Server.Tests\bin\Debug\net9.0\McpMemoryManager.Server.Tests.dll" adapterTypeName="executor://xunit/VsTestRunner2/netcoreapp" className="McpMemoryManager.Server.Tests.MemoryApiTests" name="Cleanup_expire_removes_only_expired" />
    </UnitTest>
    <UnitTest name="McpMemoryManager.Server.Tests.ExportImportTests.Export_and_import_ndjson" storage="c:\users\baryn\source\repos\mcp-memory-manager\tests\mcpmemorymanager.server.tests\bin\debug\net9.0\mcpmemorymanager.server.tests.dll" id="a728b758-d8ef-169b-4f83-c7007d484bbd">
      <Execution id="13a8b488-4f0e-420c-a390-cc1d804e0024" />
      <TestMethod codeBase="C:\Users\baryn\source\repos\mcp-memory-manager\tests\McpMemoryManager.Server.Tests\bin\Debug\net9.0\McpMemoryManager.Server.Tests.dll" adapterTypeName="executor://xunit/VsTestRunner2/netcoreapp" className="McpMemoryManager.Server.Tests.ExportImportTests" name="Export_and_import_ndjson" />
    </UnitTest>
  </TestDefinitions>
  <TestEntries>
    <TestEntry testId="de859036-25f4-55e3-2f3d-b9d146b8e8da" executionId="4db6c878-efda-485f-80d7-540ea3fb9d02" testListId="8c84fa94-04c1-424b-9868-57a2d4851a1d" />
    <TestEntry testId="ea45c1ae-1031-97ff-61bb-a029945d9f27" executionId="0355b825-5c77-4189-a6ae-181061f4ad98" testListId="8c84fa94-04c1-424b-9868-57a2d4851a1d" />
    <TestEntry testId="c74827a6-bbfc-c37d-701c-68b80624055a" executionId="2d9ecdcb-7636-4f57-8888-3af4c230fb04" testListId="8c84fa94-04c1-424b-9868-57a2d4851a1d" />
    <TestEntry testId="5678bd59-584b-2245-bc56-7f0856a08e47" executionId="4b414677-1cf6-4206-920e-3e8f5f33699a" testListId="8c84fa94-04c1-424b-9868-57a2d4851a1d" />
    <TestEntry testId="cb0551aa-54bd-96be-44f3-39e71929d710" executionId="857711f5-6e2d-47e8-9bdf-1a6a84c40e4d" testListId="8c84fa94-04c1-424b-9868-57a2d4851a1d" />
    <TestEntry testId="412cf7b5-106b-c0a9-4734-dcd5f21376a2" executionId="5007d966-4737-47b0-ba59-e8ac8ca1e22f" testListId="8c84fa94-04c1-424b-9868-57a2d4851a1d" />
    <TestEntry testId="e8bfb41a-a9df-7a78-2a51-592e57deb6df" executionId="beb516aa-c1ad-465e-8240-b2f5cd431e8a" testListId="8c84fa94-04c1-424b-9868-57a2d4851a1d" />
    <TestEntry testId="a728b758-d8ef-169b-4f83-c7007d484bbd" executionId="13a8b488-4f0e-420c-a390-cc1d804e0024" testListId="8c84fa94-04c1-424b-9868-57a2d4851a1d" />
    <TestEntry testId="02543696-7775-522a-77c1-1cf47ed8e68b" executionId="1e9ffcda-270a-4641-9af9-bb6971c67d88" testListId="8c84fa94-04c1-424b-9868-57a2d4851a1d" />
    <TestEntry testId="ecbe592d-af26-4859-65c2-a6f758c49176" executionId="252e5728-4da3-4ff4-baa0-07ac9187e8dc" testListId="8c84fa94-04c1-424b-9868-57a2d4851a1d" />
    <TestEntry testId="d6d0e36f-f2c3-c979-8e64-bf7d152b7c4f" executionId="7a0c78be-9729-43d6-8b52-c14a68d4a604" testListId="8c84fa94-04c1-424b-9868-57a2d4851a1d" />
    <TestEntry testId="753f4c3a-f702-aab9-595c-c1411291785c" executionId="e1dc173b-fcb3-4de4-ae29-00bc6a4bfa52" testListId="8c84fa94-04c1-424b-9868-57a2d4851a1d" />
    <TestEntry testId="1ca217bb-619f-971e-84d9-22cb07fe9429" executionId="47ce9b65-e123-4e80-9da8-3c6da853f9c3" testListId="8c84fa94-04c1-424b-9868-57a2d4851a1d" />
    <TestEntry testId="9a58ed80-d32a-95e0-97b4-2ec7b51c7b93" executionId="b8abdb9f-300e-48d1-9872-8364be90a9a5" testListId="8c84fa94-04c1-424b-9868-57a2d4851a1d" />
  </TestEntries>
  <TestLists>
    <TestList name="Results Not in a List" id="8c84fa94-04c1-424b-9868-57a2d4851a1d" />
    <TestList name="All Loaded Results" id="19431567-8539-422a-85d7-44ee4e166bda" />
  </TestLists>
  <ResultSummary outcome="Failed">
    <Counters total="14" executed="14" passed="13" failed="1" error="0" timeout="0" aborted="0" inconclusive="0" passedButRunAborted="0" notRunnable="0" notExecuted="0" disconnected="0" warning="0" completed="0" inProgress="0" pending="0" />
    <Output>
      <StdOut>[xUnit.net 00:00:00.00] xUnit.net VSTest Adapter v2.5.7+8f2703126a (64-bit .NET 9.0.7)&#xD;
[xUnit.net 00:00:00.06]   Discovering: McpMemoryManager.Server.Tests&#xD;
[xUnit.net 00:00:00.09]   Discovered:  McpMemoryManager.Server.Tests&#xD;
[xUnit.net 00:00:00.10]   Starting:    McpMemoryManager.Server.Tests&#xD;
[xUnit.net 00:00:00.40]       System.InvalidOperationException : The requested operation requires an element of type 'Array', but the target element has type 'Object'.&#xD;
[xUnit.net 00:00:00.40]       Stack Trace:&#xD;
[xUnit.net 00:00:00.40]            at System.Text.Json.ThrowHelper.ThrowJsonElementWrongTypeException(JsonTokenType expectedType, JsonTokenType actualType)&#xD;
[xUnit.net 00:00:00.40]            at System.Text.Json.JsonElement.EnumerateArray()&#xD;
[xUnit.net 00:00:00.40]         C:\Users\baryn\source\repos\mcp-memory-manager\tests\McpMemoryManager.Server.Tests\MergeSummarizeTests.cs(75,0): at McpMemoryManager.Server.Tests.MergeSummarizeTests.Merge_and_summarize_thread_via_tools()&#xD;
[xUnit.net 00:00:00.40]         C:\Users\baryn\source\repos\mcp-memory-manager\tests\McpMemoryManager.Server.Tests\MergeSummarizeTests.cs(87,0): at McpMemoryManager.Server.Tests.MergeSummarizeTests.Merge_and_summarize_thread_via_tools()&#xD;
[xUnit.net 00:00:00.40]         --- End of stack trace from previous location ---&#xD;
[xUnit.net 00:00:00.47]   Finished:    McpMemoryManager.Server.Tests&#xD;
</StdOut>
    </Output>
    <RunInfos>
      <RunInfo computerName="DESKTOP-RVOPTG6" outcome="Error" timestamp="2025-08-13T23:53:17.5452689-05:00">
        <Text>[xUnit.net 00:00:00.40]     McpMemoryManager.Server.Tests.MergeSummarizeTests.Merge_and_summarize_thread_via_tools [FAIL]</Text>
      </RunInfo>
    </RunInfos>
  </ResultSummary>
</TestRun>