<?xml version="1.0" encoding="utf-8"?>
<TestRun id="89bdf3a9-95b7-493a-ab72-e56ee347d55d" name="baryn@DESKTOP-RVOPTG6 2025-08-09 22:30:00" runUser="DESKTOP-RVOPTG6\baryn" xmlns="http://microsoft.com/schemas/VisualStudio/TeamTest/2010">
  <Times creation="2025-08-09T22:30:00.2058554-05:00" queuing="2025-08-09T22:30:00.2058560-05:00" start="2025-08-09T22:29:59.4025737-05:00" finish="2025-08-09T22:30:00.3696076-05:00" />
  <TestSettings name="default" id="c22ea22a-b95c-4b0a-9876-c09c88ce74fc">
    <Deployment runDeploymentRoot="baryn_DESKTOP-RVOPTG6_2025-08-09_22_30_00" />
  </TestSettings>
  <Results>
    <UnitTestResult executionId="a3fd455c-3938-41f5-b87f-8affd6434fab" testId="de859036-25f4-55e3-2f3d-b9d146b8e8da" testName="McpMemoryManager.Server.Tests.TagsRefsTests.Add_and_remove_tags_refs" computerName="DESKTOP-RVOPTG6" duration="00:00:00.2356580" startTime="2025-08-09T22:30:00.1880054-05:00" endTime="2025-08-09T22:30:00.1880054-05:00" testType="13cdc9d9-ddb5-4fa4-a97d-d965ccfc6d4b" outcome="Passed" testListId="8c84fa94-04c1-424b-9868-57a2d4851a1d" relativeResultsDirectory="a3fd455c-3938-41f5-b87f-8affd6434fab" />
    <UnitTestResult executionId="edfe2c1a-5134-4d63-b922-a9a231c36814" testId="9a58ed80-d32a-95e0-97b4-2ec7b51c7b93" testName="McpMemoryManager.Server.Tests.ExportImportToolsTests.Export_dump_and_import_roundtrip" computerName="DESKTOP-RVOPTG6" duration="00:00:00.2839785" startTime="2025-08-09T22:30:00.2016609-05:00" endTime="2025-08-09T22:30:00.2016613-05:00" testType="13cdc9d9-ddb5-4fa4-a97d-d965ccfc6d4b" outcome="Passed" testListId="8c84fa94-04c1-424b-9868-57a2d4851a1d" relativeResultsDirectory="edfe2c1a-5134-4d63-b922-a9a231c36814" />
    <UnitTestResult executionId="f64e790a-173b-4118-a63d-ea9d16b00383" testId="412cf7b5-106b-c0a9-4734-dcd5f21376a2" testName="McpMemoryManager.Server.Tests.ResourcesTests.Resources_list_and_read" computerName="DESKTOP-RVOPTG6" duration="00:00:00.2168682" startTime="2025-08-09T22:30:00.1800132-05:00" endTime="2025-08-09T22:30:00.1800134-05:00" testType="13cdc9d9-ddb5-4fa4-a97d-d965ccfc6d4b" outcome="Failed" testListId="8c84fa94-04c1-424b-9868-57a2d4851a1d" relativeResultsDirectory="f64e790a-173b-4118-a63d-ea9d16b00383">
      <Output>
        <ErrorInfo>
          <Message>System.Collections.Generic.KeyNotFoundException : The given key was not present in the dictionary.</Message>
          <StackTrace>   at System.Text.Json.JsonElement.GetProperty(String propertyName)&#xD;
   at McpMemoryManager.Server.Tests.ResourcesTests.Resources_list_and_read() in C:\Users\baryn\source\repos\mcp-memory-manager\tests\McpMemoryManager.Server.Tests\ResourcesTests.cs:line 65&#xD;
   at McpMemoryManager.Server.Tests.ResourcesTests.Resources_list_and_read() in C:\Users\baryn\source\repos\mcp-memory-manager\tests\McpMemoryManager.Server.Tests\ResourcesTests.cs:line 72&#xD;
--- End of stack trace from previous location ---</StackTrace>
        </ErrorInfo>
      </Output>
    </UnitTestResult>
    <UnitTestResult executionId="cd911fcb-ef21-4ad3-b066-57ee26216bf1" testId="cb0551aa-54bd-96be-44f3-39e71929d710" testName="McpMemoryManager.Server.Tests.MemoryCrudTests.List_filters_and_cursor" computerName="DESKTOP-RVOPTG6" duration="00:00:00.2299218" startTime="2025-08-09T22:30:00.1744530-05:00" endTime="2025-08-09T22:30:00.1744531-05:00" testType="13cdc9d9-ddb5-4fa4-a97d-d965ccfc6d4b" outcome="Passed" testListId="8c84fa94-04c1-424b-9868-57a2d4851a1d" relativeResultsDirectory="cd911fcb-ef21-4ad3-b066-57ee26216bf1" />
    <UnitTestResult executionId="56656ebd-4e0f-43d6-a145-112f9423b2a7" testId="753f4c3a-f702-aab9-595c-c1411291785c" testName="McpMemoryManager.Server.Tests.ToolHostTests.Initialize_list_and_create_roundtrip" computerName="DESKTOP-RVOPTG6" duration="00:00:00.2464418" startTime="2025-08-09T22:30:00.1880314-05:00" endTime="2025-08-09T22:30:00.1880314-05:00" testType="13cdc9d9-ddb5-4fa4-a97d-d965ccfc6d4b" outcome="Passed" testListId="8c84fa94-04c1-424b-9868-57a2d4851a1d" relativeResultsDirectory="56656ebd-4e0f-43d6-a145-112f9423b2a7" />
    <UnitTestResult executionId="15aaeeb6-0abb-498e-a109-a9a5ea927564" testId="5678bd59-584b-2245-bc56-7f0856a08e47" testName="McpMemoryManager.Server.Tests.MemoryApiTests.Create_and_get_memory" computerName="DESKTOP-RVOPTG6" duration="00:00:00.0340838" startTime="2025-08-09T22:30:00.2118926-05:00" endTime="2025-08-09T22:30:00.2118931-05:00" testType="13cdc9d9-ddb5-4fa4-a97d-d965ccfc6d4b" outcome="Passed" testListId="8c84fa94-04c1-424b-9868-57a2d4851a1d" relativeResultsDirectory="15aaeeb6-0abb-498e-a109-a9a5ea927564" />
    <UnitTestResult executionId="561214e8-fa05-4171-bce5-4c3a6a1b9563" testId="a728b758-d8ef-169b-4f83-c7007d484bbd" testName="McpMemoryManager.Server.Tests.ExportImportTests.Export_and_import_ndjson" computerName="DESKTOP-RVOPTG6" duration="00:00:00.2207466" startTime="2025-08-09T22:30:00.1989284-05:00" endTime="2025-08-09T22:30:00.1989287-05:00" testType="13cdc9d9-ddb5-4fa4-a97d-d965ccfc6d4b" outcome="Passed" testListId="8c84fa94-04c1-424b-9868-57a2d4851a1d" relativeResultsDirectory="561214e8-fa05-4171-bce5-4c3a6a1b9563" />
    <UnitTestResult executionId="d82e10ec-aaac-45a3-8812-876a9cc2326a" testId="e8bfb41a-a9df-7a78-2a51-592e57deb6df" testName="McpMemoryManager.Server.Tests.TaskWorkflowTests.Update_status_and_add_note" computerName="DESKTOP-RVOPTG6" duration="00:00:00.2334766" startTime="2025-08-09T22:30:00.1879790-05:00" endTime="2025-08-09T22:30:00.1879790-05:00" testType="13cdc9d9-ddb5-4fa4-a97d-d965ccfc6d4b" outcome="Passed" testListId="8c84fa94-04c1-424b-9868-57a2d4851a1d" relativeResultsDirectory="d82e10ec-aaac-45a3-8812-876a9cc2326a" />
    <UnitTestResult executionId="8b112cb9-f6b0-4038-b5bf-cf5c2a48aba1" testId="ea45c1ae-1031-97ff-61bb-a029945d9f27" testName="McpMemoryManager.Server.Tests.MemoryApiTests.Cleanup_expire_removes_only_expired" computerName="DESKTOP-RVOPTG6" duration="00:00:00.2203242" startTime="2025-08-09T22:30:00.1437596-05:00" endTime="2025-08-09T22:30:00.1437597-05:00" testType="13cdc9d9-ddb5-4fa4-a97d-d965ccfc6d4b" outcome="Passed" testListId="8c84fa94-04c1-424b-9868-57a2d4851a1d" relativeResultsDirectory="8b112cb9-f6b0-4038-b5bf-cf5c2a48aba1" />
    <UnitTestResult executionId="f62690cd-7237-4445-8885-c11850d66ce4" testId="d6d0e36f-f2c3-c979-8e64-bf7d152b7c4f" testName="McpMemoryManager.Server.Tests.TaskApiTests.Create_and_list_tasks" computerName="DESKTOP-RVOPTG6" duration="00:00:00.2202591" startTime="2025-08-09T22:30:00.1408677-05:00" endTime="2025-08-09T22:30:00.1408949-05:00" testType="13cdc9d9-ddb5-4fa4-a97d-d965ccfc6d4b" outcome="Passed" testListId="8c84fa94-04c1-424b-9868-57a2d4851a1d" relativeResultsDirectory="f62690cd-7237-4445-8885-c11850d66ce4" />
    <UnitTestResult executionId="f9915522-a728-4560-aa58-f80686462616" testId="02543696-7775-522a-77c1-1cf47ed8e68b" testName="McpMemoryManager.Server.Tests.MemoryCrudTests.Update_archive_pin_and_delete" computerName="DESKTOP-RVOPTG6" duration="00:00:00.0524480" startTime="2025-08-09T22:30:00.2002618-05:00" endTime="2025-08-09T22:30:00.2002622-05:00" testType="13cdc9d9-ddb5-4fa4-a97d-d965ccfc6d4b" outcome="Passed" testListId="8c84fa94-04c1-424b-9868-57a2d4851a1d" relativeResultsDirectory="f9915522-a728-4560-aa58-f80686462616" />
    <UnitTestResult executionId="7fcd4fbd-ee61-456e-9a47-a54e6a52a3b8" testId="1ca217bb-619f-971e-84d9-22cb07fe9429" testName="McpMemoryManager.Server.Tests.MemoryApiTests.Search_finds_inserted_content" computerName="DESKTOP-RVOPTG6" duration="00:00:00.0297343" startTime="2025-08-09T22:30:00.2417543-05:00" endTime="2025-08-09T22:30:00.2417547-05:00" testType="13cdc9d9-ddb5-4fa4-a97d-d965ccfc6d4b" outcome="Passed" testListId="8c84fa94-04c1-424b-9868-57a2d4851a1d" relativeResultsDirectory="7fcd4fbd-ee61-456e-9a47-a54e6a52a3b8" />
    <UnitTestResult executionId="2485686b-38aa-481e-8f65-530b088733bb" testId="ecbe592d-af26-4859-65c2-a6f758c49176" testName="McpMemoryManager.Server.Tests.MemoryApiTests.List_filters_by_type_and_namespace" computerName="DESKTOP-RVOPTG6" duration="00:00:00.0355790" startTime="2025-08-09T22:30:00.1880512-05:00" endTime="2025-08-09T22:30:00.1880513-05:00" testType="13cdc9d9-ddb5-4fa4-a97d-d965ccfc6d4b" outcome="Passed" testListId="8c84fa94-04c1-424b-9868-57a2d4851a1d" relativeResultsDirectory="2485686b-38aa-481e-8f65-530b088733bb" />
  </Results>
  <TestDefinitions>
    <UnitTest name="McpMemoryManager.Server.Tests.MemoryCrudTests.Update_archive_pin_and_delete" storage="c:\users\baryn\source\repos\mcp-memory-manager\tests\mcpmemorymanager.server.tests\bin\debug\net9.0\mcpmemorymanager.server.tests.dll" id="02543696-7775-522a-77c1-1cf47ed8e68b">
      <Execution id="f9915522-a728-4560-aa58-f80686462616" />
      <TestMethod codeBase="C:\Users\baryn\source\repos\mcp-memory-manager\tests\McpMemoryManager.Server.Tests\bin\Debug\net9.0\McpMemoryManager.Server.Tests.dll" adapterTypeName="executor://xunit/VsTestRunner2/netcoreapp" className="McpMemoryManager.Server.Tests.MemoryCrudTests" name="Update_archive_pin_and_delete" />
    </UnitTest>
    <UnitTest name="McpMemoryManager.Server.Tests.ResourcesTests.Resources_list_and_read" storage="c:\users\baryn\source\repos\mcp-memory-manager\tests\mcpmemorymanager.server.tests\bin\debug\net9.0\mcpmemorymanager.server.tests.dll" id="412cf7b5-106b-c0a9-4734-dcd5f21376a2">
      <Execution id="f64e790a-173b-4118-a63d-ea9d16b00383" />
      <TestMethod codeBase="C:\Users\baryn\source\repos\mcp-memory-manager\tests\McpMemoryManager.Server.Tests\bin\Debug\net9.0\McpMemoryManager.Server.Tests.dll" adapterTypeName="executor://xunit/VsTestRunner2/netcoreapp" className="McpMemoryManager.Server.Tests.ResourcesTests" name="Resources_list_and_read" />
    </UnitTest>
    <UnitTest name="McpMemoryManager.Server.Tests.ToolHostTests.Initialize_list_and_create_roundtrip" storage="c:\users\baryn\source\repos\mcp-memory-manager\tests\mcpmemorymanager.server.tests\bin\debug\net9.0\mcpmemorymanager.server.tests.dll" id="753f4c3a-f702-aab9-595c-c1411291785c">
      <Execution id="56656ebd-4e0f-43d6-a145-112f9423b2a7" />
      <TestMethod codeBase="C:\Users\baryn\source\repos\mcp-memory-manager\tests\McpMemoryManager.Server.Tests\bin\Debug\net9.0\McpMemoryManager.Server.Tests.dll" adapterTypeName="executor://xunit/VsTestRunner2/netcoreapp" className="McpMemoryManager.Server.Tests.ToolHostTests" name="Initialize_list_and_create_roundtrip" />
    </UnitTest>
    <UnitTest name="McpMemoryManager.Server.Tests.MemoryCrudTests.List_filters_and_cursor" storage="c:\users\baryn\source\repos\mcp-memory-manager\tests\mcpmemorymanager.server.tests\bin\debug\net9.0\mcpmemorymanager.server.tests.dll" id="cb0551aa-54bd-96be-44f3-39e71929d710">
      <Execution id="cd911fcb-ef21-4ad3-b066-57ee26216bf1" />
      <TestMethod codeBase="C:\Users\baryn\source\repos\mcp-memory-manager\tests\McpMemoryManager.Server.Tests\bin\Debug\net9.0\McpMemoryManager.Server.Tests.dll" adapterTypeName="executor://xunit/VsTestRunner2/netcoreapp" className="McpMemoryManager.Server.Tests.MemoryCrudTests" name="List_filters_and_cursor" />
    </UnitTest>
    <UnitTest name="McpMemoryManager.Server.Tests.MemoryApiTests.List_filters_by_type_and_namespace" storage="c:\users\baryn\source\repos\mcp-memory-manager\tests\mcpmemorymanager.server.tests\bin\debug\net9.0\mcpmemorymanager.server.tests.dll" id="ecbe592d-af26-4859-65c2-a6f758c49176">
      <Execution id="2485686b-38aa-481e-8f65-530b088733bb" />
      <TestMethod codeBase="C:\Users\baryn\source\repos\mcp-memory-manager\tests\McpMemoryManager.Server.Tests\bin\Debug\net9.0\McpMemoryManager.Server.Tests.dll" adapterTypeName="executor://xunit/VsTestRunner2/netcoreapp" className="McpMemoryManager.Server.Tests.MemoryApiTests" name="List_filters_by_type_and_namespace" />
    </UnitTest>
    <UnitTest name="McpMemoryManager.Server.Tests.TaskWorkflowTests.Update_status_and_add_note" storage="c:\users\baryn\source\repos\mcp-memory-manager\tests\mcpmemorymanager.server.tests\bin\debug\net9.0\mcpmemorymanager.server.tests.dll" id="e8bfb41a-a9df-7a78-2a51-592e57deb6df">
      <Execution id="d82e10ec-aaac-45a3-8812-876a9cc2326a" />
      <TestMethod codeBase="C:\Users\baryn\source\repos\mcp-memory-manager\tests\McpMemoryManager.Server.Tests\bin\Debug\net9.0\McpMemoryManager.Server.Tests.dll" adapterTypeName="executor://xunit/VsTestRunner2/netcoreapp" className="McpMemoryManager.Server.Tests.TaskWorkflowTests" name="Update_status_and_add_note" />
    </UnitTest>
    <UnitTest name="McpMemoryManager.Server.Tests.TagsRefsTests.Add_and_remove_tags_refs" storage="c:\users\baryn\source\repos\mcp-memory-manager\tests\mcpmemorymanager.server.tests\bin\debug\net9.0\mcpmemorymanager.server.tests.dll" id="de859036-25f4-55e3-2f3d-b9d146b8e8da">
      <Execution id="a3fd455c-3938-41f5-b87f-8affd6434fab" />
      <TestMethod codeBase="C:\Users\baryn\source\repos\mcp-memory-manager\tests\McpMemoryManager.Server.Tests\bin\Debug\net9.0\McpMemoryManager.Server.Tests.dll" adapterTypeName="executor://xunit/VsTestRunner2/netcoreapp" className="McpMemoryManager.Server.Tests.TagsRefsTests" name="Add_and_remove_tags_refs" />
    </UnitTest>
    <UnitTest name="McpMemoryManager.Server.Tests.MemoryApiTests.Create_and_get_memory" storage="c:\users\baryn\source\repos\mcp-memory-manager\tests\mcpmemorymanager.server.tests\bin\debug\net9.0\mcpmemorymanager.server.tests.dll" id="5678bd59-584b-2245-bc56-7f0856a08e47">
      <Execution id="15aaeeb6-0abb-498e-a109-a9a5ea927564" />
      <TestMethod codeBase="C:\Users\baryn\source\repos\mcp-memory-manager\tests\McpMemoryManager.Server.Tests\bin\Debug\net9.0\McpMemoryManager.Server.Tests.dll" adapterTypeName="executor://xunit/VsTestRunner2/netcoreapp" className="McpMemoryManager.Server.Tests.MemoryApiTests" name="Create_and_get_memory" />
    </UnitTest>
    <UnitTest name="McpMemoryManager.Server.Tests.MemoryApiTests.Search_finds_inserted_content" storage="c:\users\baryn\source\repos\mcp-memory-manager\tests\mcpmemorymanager.server.tests\bin\debug\net9.0\mcpmemorymanager.server.tests.dll" id="1ca217bb-619f-971e-84d9-22cb07fe9429">
      <Execution id="7fcd4fbd-ee61-456e-9a47-a54e6a52a3b8" />
      <TestMethod codeBase="C:\Users\baryn\source\repos\mcp-memory-manager\tests\McpMemoryManager.Server.Tests\bin\Debug\net9.0\McpMemoryManager.Server.Tests.dll" adapterTypeName="executor://xunit/VsTestRunner2/netcoreapp" className="McpMemoryManager.Server.Tests.MemoryApiTests" name="Search_finds_inserted_content" />
    </UnitTest>
    <UnitTest name="McpMemoryManager.Server.Tests.ExportImportToolsTests.Export_dump_and_import_roundtrip" storage="c:\users\baryn\source\repos\mcp-memory-manager\tests\mcpmemorymanager.server.tests\bin\debug\net9.0\mcpmemorymanager.server.tests.dll" id="9a58ed80-d32a-95e0-97b4-2ec7b51c7b93">
      <Execution id="edfe2c1a-5134-4d63-b922-a9a231c36814" />
      <TestMethod codeBase="C:\Users\baryn\source\repos\mcp-memory-manager\tests\McpMemoryManager.Server.Tests\bin\Debug\net9.0\McpMemoryManager.Server.Tests.dll" adapterTypeName="executor://xunit/VsTestRunner2/netcoreapp" className="McpMemoryManager.Server.Tests.ExportImportToolsTests" name="Export_dump_and_import_roundtrip" />
    </UnitTest>
    <UnitTest name="McpMemoryManager.Server.Tests.TaskApiTests.Create_and_list_tasks" storage="c:\users\baryn\source\repos\mcp-memory-manager\tests\mcpmemorymanager.server.tests\bin\debug\net9.0\mcpmemorymanager.server.tests.dll" id="d6d0e36f-f2c3-c979-8e64-bf7d152b7c4f">
      <Execution id="f62690cd-7237-4445-8885-c11850d66ce4" />
      <TestMethod codeBase="C:\Users\baryn\source\repos\mcp-memory-manager\tests\McpMemoryManager.Server.Tests\bin\Debug\net9.0\McpMemoryManager.Server.Tests.dll" adapterTypeName="executor://xunit/VsTestRunner2/netcoreapp" className="McpMemoryManager.Server.Tests.TaskApiTests" name="Create_and_list_tasks" />
    </UnitTest>
    <UnitTest name="McpMemoryManager.Server.Tests.MemoryApiTests.Cleanup_expire_removes_only_expired" storage="c:\users\baryn\source\repos\mcp-memory-manager\tests\mcpmemorymanager.server.tests\bin\debug\net9.0\mcpmemorymanager.server.tests.dll" id="ea45c1ae-1031-97ff-61bb-a029945d9f27">
      <Execution id="8b112cb9-f6b0-4038-b5bf-cf5c2a48aba1" />
      <TestMethod codeBase="C:\Users\baryn\source\repos\mcp-memory-manager\tests\McpMemoryManager.Server.Tests\bin\Debug\net9.0\McpMemoryManager.Server.Tests.dll" adapterTypeName="executor://xunit/VsTestRunner2/netcoreapp" className="McpMemoryManager.Server.Tests.MemoryApiTests" name="Cleanup_expire_removes_only_expired" />
    </UnitTest>
    <UnitTest name="McpMemoryManager.Server.Tests.ExportImportTests.Export_and_import_ndjson" storage="c:\users\baryn\source\repos\mcp-memory-manager\tests\mcpmemorymanager.server.tests\bin\debug\net9.0\mcpmemorymanager.server.tests.dll" id="a728b758-d8ef-169b-4f83-c7007d484bbd">
      <Execution id="561214e8-fa05-4171-bce5-4c3a6a1b9563" />
      <TestMethod codeBase="C:\Users\baryn\source\repos\mcp-memory-manager\tests\McpMemoryManager.Server.Tests\bin\Debug\net9.0\McpMemoryManager.Server.Tests.dll" adapterTypeName="executor://xunit/VsTestRunner2/netcoreapp" className="McpMemoryManager.Server.Tests.ExportImportTests" name="Export_and_import_ndjson" />
    </UnitTest>
  </TestDefinitions>
  <TestEntries>
    <TestEntry testId="de859036-25f4-55e3-2f3d-b9d146b8e8da" executionId="a3fd455c-3938-41f5-b87f-8affd6434fab" testListId="8c84fa94-04c1-424b-9868-57a2d4851a1d" />
    <TestEntry testId="9a58ed80-d32a-95e0-97b4-2ec7b51c7b93" executionId="edfe2c1a-5134-4d63-b922-a9a231c36814" testListId="8c84fa94-04c1-424b-9868-57a2d4851a1d" />
    <TestEntry testId="412cf7b5-106b-c0a9-4734-dcd5f21376a2" executionId="f64e790a-173b-4118-a63d-ea9d16b00383" testListId="8c84fa94-04c1-424b-9868-57a2d4851a1d" />
    <TestEntry testId="cb0551aa-54bd-96be-44f3-39e71929d710" executionId="cd911fcb-ef21-4ad3-b066-57ee26216bf1" testListId="8c84fa94-04c1-424b-9868-57a2d4851a1d" />
    <TestEntry testId="753f4c3a-f702-aab9-595c-c1411291785c" executionId="56656ebd-4e0f-43d6-a145-112f9423b2a7" testListId="8c84fa94-04c1-424b-9868-57a2d4851a1d" />
    <TestEntry testId="5678bd59-584b-2245-bc56-7f0856a08e47" executionId="15aaeeb6-0abb-498e-a109-a9a5ea927564" testListId="8c84fa94-04c1-424b-9868-57a2d4851a1d" />
    <TestEntry testId="a728b758-d8ef-169b-4f83-c7007d484bbd" executionId="561214e8-fa05-4171-bce5-4c3a6a1b9563" testListId="8c84fa94-04c1-424b-9868-57a2d4851a1d" />
    <TestEntry testId="e8bfb41a-a9df-7a78-2a51-592e57deb6df" executionId="d82e10ec-aaac-45a3-8812-876a9cc2326a" testListId="8c84fa94-04c1-424b-9868-57a2d4851a1d" />
    <TestEntry testId="ea45c1ae-1031-97ff-61bb-a029945d9f27" executionId="8b112cb9-f6b0-4038-b5bf-cf5c2a48aba1" testListId="8c84fa94-04c1-424b-9868-57a2d4851a1d" />
    <TestEntry testId="d6d0e36f-f2c3-c979-8e64-bf7d152b7c4f" executionId="f62690cd-7237-4445-8885-c11850d66ce4" testListId="8c84fa94-04c1-424b-9868-57a2d4851a1d" />
    <TestEntry testId="02543696-7775-522a-77c1-1cf47ed8e68b" executionId="f9915522-a728-4560-aa58-f80686462616" testListId="8c84fa94-04c1-424b-9868-57a2d4851a1d" />
    <TestEntry testId="1ca217bb-619f-971e-84d9-22cb07fe9429" executionId="7fcd4fbd-ee61-456e-9a47-a54e6a52a3b8" testListId="8c84fa94-04c1-424b-9868-57a2d4851a1d" />
    <TestEntry testId="ecbe592d-af26-4859-65c2-a6f758c49176" executionId="2485686b-38aa-481e-8f65-530b088733bb" testListId="8c84fa94-04c1-424b-9868-57a2d4851a1d" />
  </TestEntries>
  <TestLists>
    <TestList name="Results Not in a List" id="8c84fa94-04c1-424b-9868-57a2d4851a1d" />
    <TestList name="All Loaded Results" id="19431567-8539-422a-85d7-44ee4e166bda" />
  </TestLists>
  <ResultSummary outcome="Failed">
    <Counters total="13" executed="13" passed="12" failed="1" error="0" timeout="0" aborted="0" inconclusive="0" passedButRunAborted="0" notRunnable="0" notExecuted="0" disconnected="0" warning="0" completed="0" inProgress="0" pending="0" />
    <Output>
      <StdOut>[xUnit.net 00:00:00.00] xUnit.net VSTest Adapter v2.5.7+8f2703126a (64-bit .NET 9.0.7)&#xD;
[xUnit.net 00:00:00.06]   Discovering: McpMemoryManager.Server.Tests&#xD;
[xUnit.net 00:00:00.09]   Discovered:  McpMemoryManager.Server.Tests&#xD;
[xUnit.net 00:00:00.09]   Starting:    McpMemoryManager.Server.Tests&#xD;
[xUnit.net 00:00:00.40]       System.Collections.Generic.KeyNotFoundException : The given key was not present in the dictionary.&#xD;
[xUnit.net 00:00:00.40]       Stack Trace:&#xD;
[xUnit.net 00:00:00.40]            at System.Text.Json.JsonElement.GetProperty(String propertyName)&#xD;
[xUnit.net 00:00:00.40]         C:\Users\baryn\source\repos\mcp-memory-manager\tests\McpMemoryManager.Server.Tests\ResourcesTests.cs(65,0): at McpMemoryManager.Server.Tests.ResourcesTests.Resources_list_and_read()&#xD;
[xUnit.net 00:00:00.40]         C:\Users\baryn\source\repos\mcp-memory-manager\tests\McpMemoryManager.Server.Tests\ResourcesTests.cs(72,0): at McpMemoryManager.Server.Tests.ResourcesTests.Resources_list_and_read()&#xD;
[xUnit.net 00:00:00.40]         --- End of stack trace from previous location ---&#xD;
[xUnit.net 00:00:00.46]   Finished:    McpMemoryManager.Server.Tests&#xD;
</StdOut>
    </Output>
    <RunInfos>
      <RunInfo computerName="DESKTOP-RVOPTG6" outcome="Error" timestamp="2025-08-09T22:30:00.2104854-05:00">
        <Text>[xUnit.net 00:00:00.39]     McpMemoryManager.Server.Tests.ResourcesTests.Resources_list_and_read [FAIL]</Text>
      </RunInfo>
    </RunInfos>
  </ResultSummary>
</TestRun>